C51 COMPILER V9.00   LED_KEY                                                               12/20/2017 23:12:45 PAGE 1   


C51 COMPILER V9.00, COMPILATION OF MODULE LED_KEY
OBJECT MODULE PLACED IN LED_Key.OBJ
COMPILER INVOKED BY: C:\Keil\C51\BIN\C51.EXE LED_Key.c OPTIMIZE(6,SPEED) DEBUG OBJECTEXTEND

line level    source

   1          #include "Fx2.h"
   2          #include "fx2regs.h"
   3          
   4          void SetupPortE(void)
   5          {
   6   1              OEE = 0x0F;     
   7   1      }
   8          
   9          void Delay1ms() //delay 1ms
  10          {
  11   1          int j;
  12   1          int i;
  13   1          for(i=0;i<10;i++)
  14   1          {
  15   2              for(j=0;j<19;j++);
  16   2          }
  17   1      }
  18          
  19          void Delay(WORD ms)     //delay specific ms
  20          {
  21   1          while(ms--)Delay1ms();
  22   1      }        
  23          BYTE ScanKey() //return the key number.
  24          {
  25   1              if ((IOE&0x40)==0x00)
  26   1                      return 3;
  27   1              if ((IOE&0x20)==0x00)
  28   1                      return 2;
  29   1              if ((IOE&0x10)==0x00)
  30   1                      return 1;
  31   1              return 0;       
  32   1      }
  33          void LEDFlow() //LED flow
  34          {
  35   1              IOE = ~0x01;
  36   1              Delay(500);
  37   1              IOE = ~0x02;
  38   1              Delay(500);
  39   1              IOE = ~0x04;
  40   1              Delay(500);
  41   1              IOE = ~0x08;
  42   1              Delay(500);     
  43   1      }
  44          
  45          void LEDFlowRev() //LED reverse flow
  46          {
  47   1              IOE = ~0x08;
  48   1              Delay(500);
  49   1              IOE = ~0x04;
  50   1              Delay(500);
  51   1              IOE = ~0x02;
  52   1              Delay(500);
  53   1              IOE = ~0x01;
  54   1              Delay(500);     
  55   1      }
C51 COMPILER V9.00   LED_KEY                                                               12/20/2017 23:12:45 PAGE 2   

  56          
  57          void LEDFlash() //All LED flash 
  58          {
  59   1              IOE = ~0x0f;
  60   1              Delay(500);
  61   1              IOE = ~0x00;
  62   1              Delay(500);     
  63   1      }
  64          
  65          void LEDKeyTest()       //The program to test the key and LED function
  66          {
  67   1              BYTE flag=1;
  68   1              SetupPortE();
  69   1          while (1)
  70   1          {
  71   2                      switch(ScanKey()){
  72   3                      case 3: flag=3;break;
  73   3                      case 2: flag=2;break;
  74   3                      case 1: flag=1;break;
  75   3                      default: ;}
  76   2      
  77   2                      switch(flag)
  78   2                      {
  79   3                              case 1:
  80   3                                      LEDFlow();
  81   3                                      break;  
  82   3                              case 2:
  83   3                                      LEDFlash();
  84   3                                      break;
  85   3                              case 3:
  86   3                                      LEDFlowRev();
  87   3                                      break;
  88   3                      }        
  89   2          }   
  90   1      }
  91          
  92          


MODULE INFORMATION:   STATIC OVERLAYABLE
   CODE SIZE        =    241    ----
   CONSTANT SIZE    =   ----    ----
   XDATA SIZE       =   ----    ----
   PDATA SIZE       =   ----    ----
   DATA SIZE        =   ----    ----
   IDATA SIZE       =   ----    ----
   BIT SIZE         =   ----    ----
END OF MODULE INFORMATION.


C51 COMPILATION COMPLETE.  0 WARNING(S),  0 ERROR(S)
